<?xml version="1.0" encoding="UTF-8"?>
<!-- Generated by org.testng.reporters.JUnitXMLReporter -->
<testsuite ignored="0" hostname="sanketlaptop-Latitude-3520" failures="0" tests="4" name="Add Customer Test" time="1.141" errors="0" timestamp="2023-05-01T16:15:44 IST">
  <testcase classname="com.myproj.testcases.AddCustomerTest" name="addCustomer" time="0.725"/>
  <testcase classname="com.myproj.testcases.AddCustomerTest" name="addCustomer" time="0.002">
    <skipped/>
  </testcase> <!-- addCustomer -->
  <testcase classname="com.myproj.testcases.AddCustomerTest" name="addCustomer" time="0.209"/>
  <testcase classname="com.myproj.testcases.AddCustomerTest" name="addCustomer" time="0.002">
    <skipped/>
  </testcase> <!-- addCustomer -->
</testsuite> <!-- Add Customer Test -->
