<?xml version="1.0" encoding="UTF-8"?>
<!-- Generated by org.testng.reporters.JUnitXMLReporter -->
<testsuite ignored="0" hostname="sanketlaptop-Latitude-3520" failures="0" tests="4" name="Add Customer Test" time="1.507" errors="0" timestamp="2023-04-26T20:41:56 IST">
  <testcase classname="com.myproj.testcases.AddCustomerTest" name="addCustomer" time="0.527"/>
  <testcase classname="com.myproj.testcases.AddCustomerTest" name="addCustomer" time="0.238"/>
  <testcase classname="com.myproj.testcases.AddCustomerTest" name="addCustomer" time="0.249"/>
  <testcase classname="com.myproj.testcases.AddCustomerTest" name="addCustomer" time="0.236"/>
</testsuite> <!-- Add Customer Test -->
