<?xml version="1.0" encoding="UTF-8"?>
<!-- Generated by org.testng.reporters.JUnitXMLReporter -->
<testsuite ignored="2" hostname="sanketlaptop-Latitude-3520" failures="0" tests="1" name="Test" time="3.139" errors="0" timestamp="2023-03-05T10:10:30 IST">
  <testcase classname="com.myproj.testcases.LoginTest" name="loginAsBankManager" time="3.092"/>
  <testcase classname="com.myproj.base.TestBase" name="@BeforeSuite setUp" time="0.0">
    <ignored/>
  </testcase> <!-- @BeforeSuite setUp -->
  <testcase classname="com.myproj.base.TestBase" name="@AfterSuite tearDown" time="0.0">
    <ignored/>
  </testcase> <!-- @AfterSuite tearDown -->
</testsuite> <!-- Test -->
