<?xml version="1.0" encoding="UTF-8"?>
<testsuite name="Add Customer Test"
           tests="4"
           failures="0"
           errors="0"
           skipped="0"
           time="1.250">
  <properties />
  
  
            <testcase name="addCustomer" time="0.527" classname="com.myproj.testcases.AddCustomerTest" />
                <testcase name="addCustomer" time="0.249" classname="com.myproj.testcases.AddCustomerTest" />
                <testcase name="addCustomer" time="0.238" classname="com.myproj.testcases.AddCustomerTest" />
                <testcase name="addCustomer" time="0.236" classname="com.myproj.testcases.AddCustomerTest" />
      
</testsuite>
