<?xml version="1.0" encoding="UTF-8"?>
<testsuite name="Add Customer Test"
           tests="4"
           failures="0"
           errors="0"
           skipped="2"
           time="0.819">
  <properties />
  
            <testcase name="addCustomer" time="0.0" classname="com.myproj.testcases.AddCustomerTest">
          <skipped />
    </testcase>
            <testcase name="addCustomer" time="0.0" classname="com.myproj.testcases.AddCustomerTest">
          <skipped />
    </testcase>
  
            <testcase name="addCustomer" time="0.298" classname="com.myproj.testcases.AddCustomerTest" />
                <testcase name="addCustomer" time="0.518" classname="com.myproj.testcases.AddCustomerTest" />
      
</testsuite>
