<?xml version="1.0" encoding="UTF-8"?>
<testng-results ignored="0" total="2" passed="2" failed="0" skipped="0">
  <reporter-output>
  </reporter-output>
  <suite started-at="2023-03-11T23:23:09 IST" name="Suite" finished-at="2023-03-11T23:23:13 IST" duration-ms="3908">
    <groups>
    </groups>
    <test started-at="2023-03-11T23:23:09 IST" name="Bank Manager Login Test" finished-at="2023-03-11T23:23:12 IST" duration-ms="3236">
      <class name="com.myproj.testcases.BankManagerLoginTest">
        <test-method signature="loginAsBankManager()[pri:0, instance:com.myproj.testcases.BankManagerLoginTest@3a4ba480]" started-at="2023-03-11T23:23:09 IST" name="loginAsBankManager" finished-at="2023-03-11T23:23:12 IST" duration-ms="3197" status="PASS">
          <reporter-output>
          </reporter-output>
        </test-method> <!-- loginAsBankManager -->
      </class> <!-- com.myproj.testcases.BankManagerLoginTest -->
    </test> <!-- Bank Manager Login Test -->
    <test started-at="2023-03-11T23:23:12 IST" name="Add Customer Test" finished-at="2023-03-11T23:23:13 IST" duration-ms="653">
      <class name="com.myproj.testcases.AddCustomerTest">
        <test-method is-config="true" signature="setUp()[pri:0, instance:com.myproj.testcases.AddCustomerTest@5eb97ced]" started-at="2023-03-11T23:23:04 IST" name="setUp" finished-at="2023-03-11T23:23:09 IST" duration-ms="5048" status="PASS">
          <reporter-output>
          </reporter-output>
        </test-method> <!-- setUp -->
        <test-method signature="addCustomer(java.lang.String,java.lang.String,java.lang.String)[pri:0, instance:com.myproj.testcases.AddCustomerTest@5eb97ced]" started-at="2023-03-11T23:23:12 IST" name="addCustomer" data-provider="getData" finished-at="2023-03-11T23:23:13 IST" duration-ms="642" status="PASS">
          <params>
            <param index="0">
              <value>
                <![CDATA[]]>
              </value>
            </param>
            <param index="1">
              <value>
                <![CDATA[]]>
              </value>
            </param>
            <param index="2">
              <value>
                <![CDATA[]]>
              </value>
            </param>
          </params>
          <reporter-output>
          </reporter-output>
        </test-method> <!-- addCustomer -->
        <test-method is-config="true" signature="tearDown()[pri:0, instance:com.myproj.testcases.AddCustomerTest@5eb97ced]" started-at="2023-03-11T23:23:13 IST" name="tearDown" finished-at="2023-03-11T23:23:13 IST" duration-ms="142" status="PASS">
          <reporter-output>
          </reporter-output>
        </test-method> <!-- tearDown -->
      </class> <!-- com.myproj.testcases.AddCustomerTest -->
    </test> <!-- Add Customer Test -->
  </suite> <!-- Suite -->
</testng-results>
