<?xml version="1.0" encoding="UTF-8"?>
<testng-results ignored="0" total="6" passed="6" failed="0" skipped="0">
  <reporter-output>
  </reporter-output>
  <suite started-at="2023-04-26T20:41:54 IST" name="Suite" finished-at="2023-04-26T20:41:56 IST" duration-ms="2460">
    <groups>
    </groups>
    <test started-at="2023-04-26T20:41:54 IST" name="Bank Manager Login Test" finished-at="2023-04-26T20:41:55 IST" duration-ms="539">
      <class name="com.myproj.testcases.BankManagerLoginTest">
        <test-method signature="loginAsBankManager()[pri:0, instance:com.myproj.testcases.BankManagerLoginTest@3c904f1e]" started-at="2023-04-26T20:41:54 IST" name="loginAsBankManager" finished-at="2023-04-26T20:41:54 IST" duration-ms="331" status="PASS">
          <reporter-output>
          </reporter-output>
        </test-method> <!-- loginAsBankManager -->
      </class> <!-- com.myproj.testcases.BankManagerLoginTest -->
    </test> <!-- Bank Manager Login Test -->
    <test started-at="2023-04-26T20:41:55 IST" name="Add Customer Test" finished-at="2023-04-26T20:41:56 IST" duration-ms="1507">
      <class name="com.myproj.testcases.AddCustomerTest">
        <test-method signature="addCustomer(java.lang.String,java.lang.String,java.lang.String,java.lang.String)[pri:2, instance:com.myproj.testcases.AddCustomerTest@7186333e]" started-at="2023-04-26T20:41:55 IST" name="addCustomer" data-provider="dp" finished-at="2023-04-26T20:41:55 IST" duration-ms="527" status="PASS">
          <params>
            <param index="0">
              <value>
                <![CDATA[gergerg]]>
              </value>
            </param>
            <param index="1">
              <value>
                <![CDATA[sdgrgr]]>
              </value>
            </param>
            <param index="2">
              <value>
                <![CDATA[seegfgsdf]]>
              </value>
            </param>
            <param index="3">
              <value>
                <![CDATA[Customer added successfully]]>
              </value>
            </param>
          </params>
          <reporter-output>
          </reporter-output>
        </test-method> <!-- addCustomer -->
        <test-method signature="addCustomer(java.lang.String,java.lang.String,java.lang.String,java.lang.String)[pri:2, instance:com.myproj.testcases.AddCustomerTest@7186333e]" started-at="2023-04-26T20:41:55 IST" name="addCustomer" data-provider="dp" finished-at="2023-04-26T20:41:55 IST" duration-ms="238" status="PASS">
          <params>
            <param index="0">
              <value>
                <![CDATA[sskfniwenf]]>
              </value>
            </param>
            <param index="1">
              <value>
                <![CDATA[sdsodvn]]>
              </value>
            </param>
            <param index="2">
              <value>
                <![CDATA[slkdnsdnc]]>
              </value>
            </param>
            <param index="3">
              <value>
                <![CDATA[Customer added successfully]]>
              </value>
            </param>
          </params>
          <reporter-output>
          </reporter-output>
        </test-method> <!-- addCustomer -->
        <test-method signature="addCustomer(java.lang.String,java.lang.String,java.lang.String,java.lang.String)[pri:2, instance:com.myproj.testcases.AddCustomerTest@7186333e]" started-at="2023-04-26T20:41:55 IST" name="addCustomer" data-provider="dp" finished-at="2023-04-26T20:41:56 IST" duration-ms="249" status="PASS">
          <params>
            <param index="0">
              <value>
                <![CDATA[efsdcs]]>
              </value>
            </param>
            <param index="1">
              <value>
                <![CDATA[kkjdcwse]]>
              </value>
            </param>
            <param index="2">
              <value>
                <![CDATA[jnfkjsdk]]>
              </value>
            </param>
            <param index="3">
              <value>
                <![CDATA[Customer added successfully]]>
              </value>
            </param>
          </params>
          <reporter-output>
          </reporter-output>
        </test-method> <!-- addCustomer -->
        <test-method signature="addCustomer(java.lang.String,java.lang.String,java.lang.String,java.lang.String)[pri:2, instance:com.myproj.testcases.AddCustomerTest@7186333e]" started-at="2023-04-26T20:41:56 IST" name="addCustomer" data-provider="dp" finished-at="2023-04-26T20:41:56 IST" duration-ms="236" status="PASS">
          <params>
            <param index="0">
              <value>
                <![CDATA[dfvlll]]>
              </value>
            </param>
            <param index="1">
              <value>
                <![CDATA[mdndvs]]>
              </value>
            </param>
            <param index="2">
              <value>
                <![CDATA[sfevvv]]>
              </value>
            </param>
            <param index="3">
              <value>
                <![CDATA[Customer added successfully]]>
              </value>
            </param>
          </params>
          <reporter-output>
          </reporter-output>
        </test-method> <!-- addCustomer -->
      </class> <!-- com.myproj.testcases.AddCustomerTest -->
    </test> <!-- Add Customer Test -->
    <test started-at="2023-04-26T20:41:56 IST" name="Open Account Test" finished-at="2023-04-26T20:41:56 IST" duration-ms="397">
      <class name="com.myproj.testcases.OpenAccountTest">
        <test-method is-config="true" signature="setUp()[pri:0, instance:com.myproj.testcases.OpenAccountTest@76c548f]" started-at="2023-04-26T20:41:49 IST" name="setUp" finished-at="2023-04-26T20:41:54 IST" duration-ms="4724" status="PASS">
          <reporter-output>
          </reporter-output>
        </test-method> <!-- setUp -->
        <test-method signature="openAccountTest(java.lang.String,java.lang.String)[pri:0, instance:com.myproj.testcases.OpenAccountTest@76c548f]" started-at="2023-04-26T20:41:56 IST" name="openAccountTest" data-provider="dp" finished-at="2023-04-26T20:41:56 IST" duration-ms="303" status="PASS">
          <params>
            <param index="0">
              <value>
                <![CDATA[Harry Potter]]>
              </value>
            </param>
            <param index="1">
              <value>
                <![CDATA[Rupee]]>
              </value>
            </param>
          </params>
          <reporter-output>
          </reporter-output>
        </test-method> <!-- openAccountTest -->
      </class> <!-- com.myproj.testcases.OpenAccountTest -->
    </test> <!-- Open Account Test -->
  </suite> <!-- Suite -->
</testng-results>
